linux path:/home/chearta/kolbut
linux path:/home/chearta/kolbut
linux path:/home/chearta/kolbut
linux path:/home/chearta/kolbut

events.js:72
        throw er; // Unhandled 'error' event
              ^
Error: listen EACCES
    at errnoException (net.js:905:11)
    at Server._listen2 (net.js:1024:19)
    at listen (net.js:1065:10)
    at net.js:1147:9
    at dns.js:72:18
    at process._tickCallback (node.js:448:13)
linux path:/home/chearta/kolbut
Helo=
DATA==1
Helo=WkPT3zFgZjrccMJEX,SmB8oXQ3Tt9gvB2YC,cwKt5GgSvx7tQJvuf,gSAwR9FZP9dZqQvcm
DATA==5
Helo=WkPT3zFgZjrccMJEX,SmB8oXQ3Tt9gvB2YC,cwKt5GgSvx7tQJvuf,gSAwR9FZP9dZqQvcm
DATA==5
Helo=WkPT3zFgZjrccMJEX,SmB8oXQ3Tt9gvB2YC,cwKt5GgSvx7tQJvuf,gSAwR9FZP9dZqQvcm
DATA==5
Helo=WkPT3zFgZjrccMJEX,SmB8oXQ3Tt9gvB2YC,cwKt5GgSvx7tQJvuf,gSAwR9FZP9dZqQvcm
DATA==5
linux path:/home/chearta/kolbut
linux path:/home/chearta/kolbut
linux path:/home/chearta/kolbut
linux path:/home/chearta/kolbut
Helo=WkPT3zFgZjrccMJEX,SmB8oXQ3Tt9gvB2YC,cwKt5GgSvx7tQJvuf,gSAwR9FZP9dZqQvcm
DATA==5
categoryId=ExB2t4Nj7xgw9vGiE,F2onW9MjZH4Hq6RyX,ExB2t4Nj7xgw9vGiE
categoryId=ExB2t4Nj7xgw9vGiE,F2onW9MjZH4Hq6RyX,ExB2t4Nj7xgw9vGiE
categoryId=F2onW9MjZH4Hq6RyX,F2onW9MjZH4Hq6RyX
categoryId=F2onW9MjZH4Hq6RyX,F2onW9MjZH4Hq6RyX
categoryId=C3Dw7mPp9WneahaPo,6dckzRSzXXczJBHqa,JCEADsvtn3aM4aJHf,sgDPiqkRp4GyXSLtr,C3Dw7mPp9WneahaPo
categoryId=6dckzRSzXXczJBHqa,6dckzRSzXXczJBHqa
categoryId=JCEADsvtn3aM4aJHf,JCEADsvtn3aM4aJHf
categoryId=sgDPiqkRp4GyXSLtr,sgDPiqkRp4GyXSLtr
id==t5gbKexthmGuhWiG3
id==TeQ9iBPpSdDcr2oL4
Helo=WkPT3zFgZjrccMJEX,SmB8oXQ3Tt9gvB2YC,cwKt5GgSvx7tQJvuf,gSAwR9FZP9dZqQvcm
DATA==5
Helo=WkPT3zFgZjrccMJEX,SmB8oXQ3Tt9gvB2YC,cwKt5GgSvx7tQJvuf,gSAwR9FZP9dZqQvcm
DATA==5
Helo=WkPT3zFgZjrccMJEX,SmB8oXQ3Tt9gvB2YC,cwKt5GgSvx7tQJvuf,gSAwR9FZP9dZqQvcm
DATA==5
Helo=WkPT3zFgZjrccMJEX,SmB8oXQ3Tt9gvB2YC,cwKt5GgSvx7tQJvuf,gSAwR9FZP9dZqQvcm
DATA==5
Helo=WkPT3zFgZjrccMJEX,SmB8oXQ3Tt9gvB2YC,cwKt5GgSvx7tQJvuf,gSAwR9FZP9dZqQvcm
DATA==5
Helo=WkPT3zFgZjrccMJEX,SmB8oXQ3Tt9gvB2YC,cwKt5GgSvx7tQJvuf,gSAwR9FZP9dZqQvcm
DATA==5
Helo=WkPT3zFgZjrccMJEX,SmB8oXQ3Tt9gvB2YC,cwKt5GgSvx7tQJvuf,gSAwR9FZP9dZqQvcm
DATA==5
User==1
User==0
User==0
dataCount=1
dataCount=1
User==0
dataCount=0
dataCount=1
User==0
dataCount=0
dataCount=1
User==0
dataCount=0
dataCount=1
User==0
dataCount=2
dataCount=1
dataCount=1
dataCount=1
dataCount=1
User==0
dataCount=2
dataCount=1
User==0
dataCount=2
dataCount=1
User==0
dataCount=2
dataCount=2
dataCount=2
User==0
dataCount=2
dataCount=2
User==0
dataCount=2
dataCount=2
User==1
dataCount=2
dataCount=2
dataCount=2
dataCount=2
dataCount=2
dataCount=2
User==1
dataCount=19
dataCount=2
dataCount=2
User==0
dataCount=18
dataCount=2
dataCount=2
dataCount=2
User==1
dataCount=19
dataCount=2
dataCount=2
dataCount=2
dataCount=2
dataCount=2
dataCount=2
dataCount=2
User==1
dataCount=19
dataCount=2
User==0
dataCount=18
dataCount=2
dataCount=2
dataCount=2
User==1
dataCount=19
dataCount=2
dataCount=2
dataCount=2
dataCount=2
dataCount=2
dataCount=2
dataCount=2
dataCount=2
User==1
dataCount=19
User==0
dataCount=18
dataCount=18
User==1
dataCount=19
dataCount=19
User==1
dataCount=19
User==0
dataCount=16
User==0
dataCount=16
dataCount=16
dataCount=16
User==0
dataCount=16
dataCount=16
User==1
dataCount=19
dataCount=16
dataCount=16
dataCount=16
dataCount=16
dataCount=16
dataCount=16
dataCount=16
User==1
dataCount=15
dataCount=16
dataCount=16
dataCount=16
User==0
dataCount=14
dataCount=16
User==0
dataCount=14
dataCount=16
dataCount=16
dataCount=16
dataCount=16
User==0
dataCount=14
dataCount=16
User==1
dataCount=15
dataCount=16
dataCount=16
dataCount=16
dataCount=16
dataCount=16
dataCount=16
dataCount=16
dataCount=16
dataCount=16
dataCount=16
dataCount=16
dataCount=16
dataCount=16
dataCount=16
User==1
dataCount=15
dataCount=15
User==1
User==0
User==0
dataCount=14
dataCount=14
Helo=WkPT3zFgZjrccMJEX,SmB8oXQ3Tt9gvB2YC,cwKt5GgSvx7tQJvuf,gSAwR9FZP9dZqQvcm
DATA==5
Helo=WkPT3zFgZjrccMJEX,SmB8oXQ3Tt9gvB2YC,cwKt5GgSvx7tQJvuf,gSAwR9FZP9dZqQvcm
DATA==5
categoryId=WkPT3zFgZjrccMJEX,SmB8oXQ3Tt9gvB2YC,cwKt5GgSvx7tQJvuf,gSAwR9FZP9dZqQvcm,WkPT3zFgZjrccMJEX
categoryId=WkPT3zFgZjrccMJEX,SmB8oXQ3Tt9gvB2YC,cwKt5GgSvx7tQJvuf,gSAwR9FZP9dZqQvcm,WkPT3zFgZjrccMJEX
Helo=WkPT3zFgZjrccMJEX,SmB8oXQ3Tt9gvB2YC,cwKt5GgSvx7tQJvuf,gSAwR9FZP9dZqQvcm
DATA==5
Helo=WkPT3zFgZjrccMJEX,SmB8oXQ3Tt9gvB2YC,cwKt5GgSvx7tQJvuf,gSAwR9FZP9dZqQvcm
DATA==5
Helo=WkPT3zFgZjrccMJEX,SmB8oXQ3Tt9gvB2YC,cwKt5GgSvx7tQJvuf,gSAwR9FZP9dZqQvcm
DATA==5
Helo=WkPT3zFgZjrccMJEX,SmB8oXQ3Tt9gvB2YC,cwKt5GgSvx7tQJvuf,gSAwR9FZP9dZqQvcm
DATA==5
linux path:/home/chearta/kolbut
